<?xml version="1.0" encoding="UTF-8"?>
<!-- Generated by org.testng.reporters.JUnitReportReporter -->
<testsuite skipped="0" hostname="2UA3282G7P" name="JenkinsJobs.JenkinsShow" tests="2" failures="0" timestamp="15 Nov 2017 07:50:36 GMT" time="23.186" errors="0">
  <testcase name="demo2" time="8.937" classname="JenkinsJobs.JenkinsShow"/>
  <testcase name="demo" time="14.249" classname="JenkinsJobs.JenkinsShow"/>
</testsuite> <!-- JenkinsJobs.JenkinsShow -->
