<?xml version="1.0" encoding="UTF-8"?>
<!-- Generated by org.testng.reporters.JUnitReportReporter -->
<testsuite skipped="0" hostname="2UA3282G7P" name="JenkinsServices.JenkinsJobs" tests="1" failures="0" timestamp="14 Nov 2017 11:59:33 GMT" time="0.009" errors="0">
  <testcase name="demo" time="0.009" classname="JenkinsServices.JenkinsJobs"/>
</testsuite> <!-- JenkinsServices.JenkinsJobs -->
